25-05-08 11:11:13.599 [cluster-ClusterId{value='681c23418f2f783d1d13211f', description='null'}-ac-poiaf5i-shard-00-02.fgoapaj.mongodb.net:27017] INFO  org.mongodb.driver.cluster - Exception in monitor thread while connecting to server ac-poiaf5i-shard-00-02.fgoapaj.mongodb.net:27017 
com.mongodb.MongoSocketReadTimeoutException: Timeout while receiving message
	at com.mongodb.internal.connection.InternalStreamConnection.translateReadException(InternalStreamConnection.java:696)
	at com.mongodb.internal.connection.InternalStreamConnection.receiveMessageWithAdditionalTimeout(InternalStreamConnection.java:574)
	at com.mongodb.internal.connection.InternalStreamConnection.receiveCommandMessageResponse(InternalStreamConnection.java:410)
	at com.mongodb.internal.connection.InternalStreamConnection.receive(InternalStreamConnection.java:369)
	at com.mongodb.internal.connection.DefaultServerMonitor$ServerMonitorRunnable.lookupServerDescription(DefaultServerMonitor.java:221)
	at com.mongodb.internal.connection.DefaultServerMonitor$ServerMonitorRunnable.run(DefaultServerMonitor.java:157)
	at java.lang.Thread.run(Thread.java:750)
Caused by: java.net.SocketTimeoutException: Read timed out
	at java.net.SocketInputStream.socketRead0(Native Method)
	at java.net.SocketInputStream.socketRead(SocketInputStream.java:116)
	at java.net.SocketInputStream.read(SocketInputStream.java:171)
	at java.net.SocketInputStream.read(SocketInputStream.java:141)
	at sun.security.ssl.SSLSocketInputRecord.read(SSLSocketInputRecord.java:464)
	at sun.security.ssl.SSLSocketInputRecord.bytesInCompletePacket(SSLSocketInputRecord.java:68)
	at sun.security.ssl.SSLSocketImpl.readApplicationRecord(SSLSocketImpl.java:1350)
	at sun.security.ssl.SSLSocketImpl.access$300(SSLSocketImpl.java:73)
	at sun.security.ssl.SSLSocketImpl$AppInputStream.read(SSLSocketImpl.java:966)
	at com.mongodb.internal.connection.SocketStream.read(SocketStream.java:110)
	at com.mongodb.internal.connection.SocketStream.read(SocketStream.java:135)
	at com.mongodb.internal.connection.InternalStreamConnection.receiveResponseBuffers(InternalStreamConnection.java:713)
	at com.mongodb.internal.connection.InternalStreamConnection.receiveMessageWithAdditionalTimeout(InternalStreamConnection.java:571)
	... 5 common frames omitted
25-05-08 11:11:13.599 [cluster-ClusterId{value='681c23418f2f783d1d13211f', description='null'}-ac-poiaf5i-shard-00-01.fgoapaj.mongodb.net:27017] INFO  org.mongodb.driver.cluster - Exception in monitor thread while connecting to server ac-poiaf5i-shard-00-01.fgoapaj.mongodb.net:27017 
com.mongodb.MongoSocketReadTimeoutException: Timeout while receiving message
	at com.mongodb.internal.connection.InternalStreamConnection.translateReadException(InternalStreamConnection.java:696)
	at com.mongodb.internal.connection.InternalStreamConnection.receiveMessageWithAdditionalTimeout(InternalStreamConnection.java:574)
	at com.mongodb.internal.connection.InternalStreamConnection.receiveCommandMessageResponse(InternalStreamConnection.java:410)
	at com.mongodb.internal.connection.InternalStreamConnection.receive(InternalStreamConnection.java:369)
	at com.mongodb.internal.connection.DefaultServerMonitor$ServerMonitorRunnable.lookupServerDescription(DefaultServerMonitor.java:221)
	at com.mongodb.internal.connection.DefaultServerMonitor$ServerMonitorRunnable.run(DefaultServerMonitor.java:157)
	at java.lang.Thread.run(Thread.java:750)
Caused by: java.net.SocketTimeoutException: Read timed out
	at java.net.SocketInputStream.socketRead0(Native Method)
	at java.net.SocketInputStream.socketRead(SocketInputStream.java:116)
	at java.net.SocketInputStream.read(SocketInputStream.java:171)
	at java.net.SocketInputStream.read(SocketInputStream.java:141)
	at sun.security.ssl.SSLSocketInputRecord.read(SSLSocketInputRecord.java:464)
	at sun.security.ssl.SSLSocketInputRecord.bytesInCompletePacket(SSLSocketInputRecord.java:68)
	at sun.security.ssl.SSLSocketImpl.readApplicationRecord(SSLSocketImpl.java:1350)
	at sun.security.ssl.SSLSocketImpl.access$300(SSLSocketImpl.java:73)
	at sun.security.ssl.SSLSocketImpl$AppInputStream.read(SSLSocketImpl.java:966)
	at com.mongodb.internal.connection.SocketStream.read(SocketStream.java:110)
	at com.mongodb.internal.connection.SocketStream.read(SocketStream.java:135)
	at com.mongodb.internal.connection.InternalStreamConnection.receiveResponseBuffers(InternalStreamConnection.java:713)
	at com.mongodb.internal.connection.InternalStreamConnection.receiveMessageWithAdditionalTimeout(InternalStreamConnection.java:571)
	... 5 common frames omitted
25-05-08 11:11:13.599 [cluster-ClusterId{value='681c23418f2f783d1d13211f', description='null'}-ac-poiaf5i-shard-00-00.fgoapaj.mongodb.net:27017] INFO  org.mongodb.driver.cluster - Exception in monitor thread while connecting to server ac-poiaf5i-shard-00-00.fgoapaj.mongodb.net:27017 
com.mongodb.MongoSocketReadTimeoutException: Timeout while receiving message
	at com.mongodb.internal.connection.InternalStreamConnection.translateReadException(InternalStreamConnection.java:696)
	at com.mongodb.internal.connection.InternalStreamConnection.receiveMessageWithAdditionalTimeout(InternalStreamConnection.java:574)
	at com.mongodb.internal.connection.InternalStreamConnection.receiveCommandMessageResponse(InternalStreamConnection.java:410)
	at com.mongodb.internal.connection.InternalStreamConnection.receive(InternalStreamConnection.java:369)
	at com.mongodb.internal.connection.DefaultServerMonitor$ServerMonitorRunnable.lookupServerDescription(DefaultServerMonitor.java:221)
	at com.mongodb.internal.connection.DefaultServerMonitor$ServerMonitorRunnable.run(DefaultServerMonitor.java:157)
	at java.lang.Thread.run(Thread.java:750)
Caused by: java.net.SocketTimeoutException: Read timed out
	at java.net.SocketInputStream.socketRead0(Native Method)
	at java.net.SocketInputStream.socketRead(SocketInputStream.java:116)
	at java.net.SocketInputStream.read(SocketInputStream.java:171)
	at java.net.SocketInputStream.read(SocketInputStream.java:141)
	at sun.security.ssl.SSLSocketInputRecord.read(SSLSocketInputRecord.java:464)
	at sun.security.ssl.SSLSocketInputRecord.bytesInCompletePacket(SSLSocketInputRecord.java:68)
	at sun.security.ssl.SSLSocketImpl.readApplicationRecord(SSLSocketImpl.java:1350)
	at sun.security.ssl.SSLSocketImpl.access$300(SSLSocketImpl.java:73)
	at sun.security.ssl.SSLSocketImpl$AppInputStream.read(SSLSocketImpl.java:966)
	at com.mongodb.internal.connection.SocketStream.read(SocketStream.java:110)
	at com.mongodb.internal.connection.SocketStream.read(SocketStream.java:135)
	at com.mongodb.internal.connection.InternalStreamConnection.receiveResponseBuffers(InternalStreamConnection.java:713)
	at com.mongodb.internal.connection.InternalStreamConnection.receiveMessageWithAdditionalTimeout(InternalStreamConnection.java:571)
	... 5 common frames omitted
25-05-08 11:11:16.302 [cluster-ClusterId{value='681c23418f2f783d1d13211f', description='null'}-ac-poiaf5i-shard-00-01.fgoapaj.mongodb.net:27017] INFO  org.mongodb.driver.connection - Opened connection [connectionId{localValue:60, serverValue:17381}] to ac-poiaf5i-shard-00-01.fgoapaj.mongodb.net:27017 
25-05-08 11:11:16.304 [cluster-ClusterId{value='681c23418f2f783d1d13211f', description='null'}-ac-poiaf5i-shard-00-01.fgoapaj.mongodb.net:27017] INFO  org.mongodb.driver.cluster - Monitor thread successfully connected to server with description ServerDescription{address=ac-poiaf5i-shard-00-01.fgoapaj.mongodb.net:27017, type=REPLICA_SET_PRIMARY, state=CONNECTED, ok=true, minWireVersion=0, maxWireVersion=25, maxDocumentSize=16777216, logicalSessionTimeoutMinutes=30, roundTripTimeNanos=1682505100, setName='atlas-m007pv-shard-0', canonicalAddress=ac-poiaf5i-shard-00-01.fgoapaj.mongodb.net:27017, hosts=[ac-poiaf5i-shard-00-01.fgoapaj.mongodb.net:27017, ac-poiaf5i-shard-00-02.fgoapaj.mongodb.net:27017, ac-poiaf5i-shard-00-00.fgoapaj.mongodb.net:27017], passives=[], arbiters=[], primary='ac-poiaf5i-shard-00-01.fgoapaj.mongodb.net:27017', tagSet=TagSet{[Tag{name='availabilityZone', value='aps1-az3'}, Tag{name='diskState', value='READY'}, Tag{name='nodeType', value='ELECTABLE'}, Tag{name='provider', value='AWS'}, Tag{name='region', value='AP_SOUTH_1'}, Tag{name='workloadType', value='OPERATIONAL'}]}, electionId=7fffffff00000000000000da, setVersion=277, topologyVersion=TopologyVersion{processId=681bb50e0fcf07869ddbecf8, counter=6}, lastWriteDate=Thu May 08 11:11:17 IST 2025, lastUpdateTimeNanos=1597249118227000} 
25-05-08 11:11:16.304 [cluster-ClusterId{value='681c23418f2f783d1d13211f', description='null'}-ac-poiaf5i-shard-00-01.fgoapaj.mongodb.net:27017] INFO  org.mongodb.driver.cluster - Discovered replica set primary ac-poiaf5i-shard-00-01.fgoapaj.mongodb.net:27017 
25-05-08 11:11:16.638 [cluster-ClusterId{value='681c23418f2f783d1d13211f', description='null'}-ac-poiaf5i-shard-00-00.fgoapaj.mongodb.net:27017] INFO  org.mongodb.driver.connection - Opened connection [connectionId{localValue:59, serverValue:16469}] to ac-poiaf5i-shard-00-00.fgoapaj.mongodb.net:27017 
25-05-08 11:11:16.639 [cluster-ClusterId{value='681c23418f2f783d1d13211f', description='null'}-ac-poiaf5i-shard-00-00.fgoapaj.mongodb.net:27017] INFO  org.mongodb.driver.cluster - Monitor thread successfully connected to server with description ServerDescription{address=ac-poiaf5i-shard-00-00.fgoapaj.mongodb.net:27017, type=REPLICA_SET_SECONDARY, state=CONNECTED, ok=true, minWireVersion=0, maxWireVersion=25, maxDocumentSize=16777216, logicalSessionTimeoutMinutes=30, roundTripTimeNanos=1777822200, setName='atlas-m007pv-shard-0', canonicalAddress=ac-poiaf5i-shard-00-00.fgoapaj.mongodb.net:27017, hosts=[ac-poiaf5i-shard-00-01.fgoapaj.mongodb.net:27017, ac-poiaf5i-shard-00-02.fgoapaj.mongodb.net:27017, ac-poiaf5i-shard-00-00.fgoapaj.mongodb.net:27017], passives=[], arbiters=[], primary='ac-poiaf5i-shard-00-01.fgoapaj.mongodb.net:27017', tagSet=TagSet{[Tag{name='availabilityZone', value='aps1-az1'}, Tag{name='diskState', value='READY'}, Tag{name='nodeType', value='ELECTABLE'}, Tag{name='provider', value='AWS'}, Tag{name='region', value='AP_SOUTH_1'}, Tag{name='workloadType', value='OPERATIONAL'}]}, electionId=null, setVersion=277, topologyVersion=TopologyVersion{processId=681bb234b61005b143bfd077, counter=4}, lastWriteDate=Thu May 08 11:11:17 IST 2025, lastUpdateTimeNanos=1597249454960700} 
25-05-08 11:11:16.759 [cluster-ClusterId{value='681c23418f2f783d1d13211f', description='null'}-ac-poiaf5i-shard-00-02.fgoapaj.mongodb.net:27017] INFO  org.mongodb.driver.connection - Opened connection [connectionId{localValue:61, serverValue:12763}] to ac-poiaf5i-shard-00-02.fgoapaj.mongodb.net:27017 
25-05-08 11:11:16.759 [cluster-ClusterId{value='681c23418f2f783d1d13211f', description='null'}-ac-poiaf5i-shard-00-02.fgoapaj.mongodb.net:27017] INFO  org.mongodb.driver.cluster - Monitor thread successfully connected to server with description ServerDescription{address=ac-poiaf5i-shard-00-02.fgoapaj.mongodb.net:27017, type=REPLICA_SET_SECONDARY, state=CONNECTED, ok=true, minWireVersion=0, maxWireVersion=25, maxDocumentSize=16777216, logicalSessionTimeoutMinutes=30, roundTripTimeNanos=1854796800, setName='atlas-m007pv-shard-0', canonicalAddress=ac-poiaf5i-shard-00-02.fgoapaj.mongodb.net:27017, hosts=[ac-poiaf5i-shard-00-01.fgoapaj.mongodb.net:27017, ac-poiaf5i-shard-00-02.fgoapaj.mongodb.net:27017, ac-poiaf5i-shard-00-00.fgoapaj.mongodb.net:27017], passives=[], arbiters=[], primary='ac-poiaf5i-shard-00-01.fgoapaj.mongodb.net:27017', tagSet=TagSet{[Tag{name='availabilityZone', value='aps1-az2'}, Tag{name='diskState', value='READY'}, Tag{name='nodeType', value='ELECTABLE'}, Tag{name='provider', value='AWS'}, Tag{name='region', value='AP_SOUTH_1'}, Tag{name='workloadType', value='OPERATIONAL'}]}, electionId=null, setVersion=277, topologyVersion=TopologyVersion{processId=681bb869cbc12ea8af0c88f0, counter=3}, lastWriteDate=Thu May 08 11:11:17 IST 2025, lastUpdateTimeNanos=1597249575267100} 
25-05-08 11:11:26.422 [cluster-rtt-ClusterId{value='681c23418f2f783d1d13211f', description='null'}-ac-poiaf5i-shard-00-01.fgoapaj.mongodb.net:27017] INFO  org.mongodb.driver.connection - Opened connection [connectionId{localValue:64, serverValue:17246}] to ac-poiaf5i-shard-00-01.fgoapaj.mongodb.net:27017 
25-05-08 11:11:26.454 [cluster-rtt-ClusterId{value='681c23418f2f783d1d13211f', description='null'}-ac-poiaf5i-shard-00-00.fgoapaj.mongodb.net:27017] INFO  org.mongodb.driver.connection - Opened connection [connectionId{localValue:63, serverValue:16466}] to ac-poiaf5i-shard-00-00.fgoapaj.mongodb.net:27017 
25-05-08 11:11:26.549 [cluster-rtt-ClusterId{value='681c23418f2f783d1d13211f', description='null'}-ac-poiaf5i-shard-00-02.fgoapaj.mongodb.net:27017] INFO  org.mongodb.driver.connection - Opened connection [connectionId{localValue:62, serverValue:12775}] to ac-poiaf5i-shard-00-02.fgoapaj.mongodb.net:27017 
