25-05-05 12:33:13.229 [cluster-ClusterId{value='68185a54625b3a5da1447613', description='null'}-ac-poiaf5i-shard-00-02.fgoapaj.mongodb.net:27017] INFO  org.mongodb.driver.cluster - Exception in monitor thread while connecting to server ac-poiaf5i-shard-00-02.fgoapaj.mongodb.net:27017 
com.mongodb.MongoSocketReadException: Exception receiving message
	at com.mongodb.internal.connection.InternalStreamConnection.translateReadException(InternalStreamConnection.java:702)
	at com.mongodb.internal.connection.InternalStreamConnection.receiveMessageWithAdditionalTimeout(InternalStreamConnection.java:574)
	at com.mongodb.internal.connection.InternalStreamConnection.receiveCommandMessageResponse(InternalStreamConnection.java:410)
	at com.mongodb.internal.connection.InternalStreamConnection.receive(InternalStreamConnection.java:369)
	at com.mongodb.internal.connection.DefaultServerMonitor$ServerMonitorRunnable.lookupServerDescription(DefaultServerMonitor.java:221)
	at com.mongodb.internal.connection.DefaultServerMonitor$ServerMonitorRunnable.run(DefaultServerMonitor.java:157)
	at java.lang.Thread.run(Thread.java:750)
Caused by: java.net.SocketException: Socket is closed
	at java.net.Socket.setSoTimeout(Socket.java:1155)
	at sun.security.ssl.BaseSSLSocketImpl.setSoTimeout(BaseSSLSocketImpl.java:637)
	at sun.security.ssl.SSLSocketImpl.setSoTimeout(SSLSocketImpl.java:73)
	at com.mongodb.internal.connection.SocketStream.read(SocketStream.java:137)
	at com.mongodb.internal.connection.InternalStreamConnection.receiveResponseBuffers(InternalStreamConnection.java:713)
	at com.mongodb.internal.connection.InternalStreamConnection.receiveMessageWithAdditionalTimeout(InternalStreamConnection.java:571)
	... 5 common frames omitted
25-05-05 12:33:13.267 [cluster-ClusterId{value='68185a54625b3a5da1447613', description='null'}-ac-poiaf5i-shard-00-01.fgoapaj.mongodb.net:27017] INFO  org.mongodb.driver.cluster - Exception in monitor thread while connecting to server ac-poiaf5i-shard-00-01.fgoapaj.mongodb.net:27017 
com.mongodb.MongoSocketReadException: Exception receiving message
	at com.mongodb.internal.connection.InternalStreamConnection.translateReadException(InternalStreamConnection.java:702)
	at com.mongodb.internal.connection.InternalStreamConnection.receiveMessageWithAdditionalTimeout(InternalStreamConnection.java:574)
	at com.mongodb.internal.connection.InternalStreamConnection.receiveCommandMessageResponse(InternalStreamConnection.java:410)
	at com.mongodb.internal.connection.InternalStreamConnection.receive(InternalStreamConnection.java:369)
	at com.mongodb.internal.connection.DefaultServerMonitor$ServerMonitorRunnable.lookupServerDescription(DefaultServerMonitor.java:221)
	at com.mongodb.internal.connection.DefaultServerMonitor$ServerMonitorRunnable.run(DefaultServerMonitor.java:157)
	at java.lang.Thread.run(Thread.java:750)
Caused by: java.net.SocketException: Socket is closed
	at java.net.Socket.setSoTimeout(Socket.java:1155)
	at sun.security.ssl.BaseSSLSocketImpl.setSoTimeout(BaseSSLSocketImpl.java:637)
	at sun.security.ssl.SSLSocketImpl.setSoTimeout(SSLSocketImpl.java:73)
	at com.mongodb.internal.connection.SocketStream.read(SocketStream.java:137)
	at com.mongodb.internal.connection.InternalStreamConnection.receiveResponseBuffers(InternalStreamConnection.java:713)
	at com.mongodb.internal.connection.InternalStreamConnection.receiveMessageWithAdditionalTimeout(InternalStreamConnection.java:571)
	... 5 common frames omitted
25-05-05 12:33:13.267 [cluster-ClusterId{value='68185a54625b3a5da1447613', description='null'}-ac-poiaf5i-shard-00-00.fgoapaj.mongodb.net:27017] INFO  org.mongodb.driver.cluster - Exception in monitor thread while connecting to server ac-poiaf5i-shard-00-00.fgoapaj.mongodb.net:27017 
com.mongodb.MongoSocketReadException: Exception receiving message
	at com.mongodb.internal.connection.InternalStreamConnection.translateReadException(InternalStreamConnection.java:702)
	at com.mongodb.internal.connection.InternalStreamConnection.receiveMessageWithAdditionalTimeout(InternalStreamConnection.java:574)
	at com.mongodb.internal.connection.InternalStreamConnection.receiveCommandMessageResponse(InternalStreamConnection.java:410)
	at com.mongodb.internal.connection.InternalStreamConnection.receive(InternalStreamConnection.java:369)
	at com.mongodb.internal.connection.DefaultServerMonitor$ServerMonitorRunnable.lookupServerDescription(DefaultServerMonitor.java:221)
	at com.mongodb.internal.connection.DefaultServerMonitor$ServerMonitorRunnable.run(DefaultServerMonitor.java:157)
	at java.lang.Thread.run(Thread.java:750)
Caused by: java.net.SocketException: Socket is closed
	at java.net.Socket.setSoTimeout(Socket.java:1155)
	at sun.security.ssl.BaseSSLSocketImpl.setSoTimeout(BaseSSLSocketImpl.java:637)
	at sun.security.ssl.SSLSocketImpl.setSoTimeout(SSLSocketImpl.java:73)
	at com.mongodb.internal.connection.SocketStream.read(SocketStream.java:137)
	at com.mongodb.internal.connection.InternalStreamConnection.receiveResponseBuffers(InternalStreamConnection.java:713)
	at com.mongodb.internal.connection.InternalStreamConnection.receiveMessageWithAdditionalTimeout(InternalStreamConnection.java:571)
	... 5 common frames omitted
25-05-05 12:33:13.933 [cluster-ClusterId{value='68185a54625b3a5da1447613', description='null'}-ac-poiaf5i-shard-00-00.fgoapaj.mongodb.net:27017] INFO  org.mongodb.driver.connection - Opened connection [connectionId{localValue:19, serverValue:33733}] to ac-poiaf5i-shard-00-00.fgoapaj.mongodb.net:27017 
25-05-05 12:33:13.934 [cluster-ClusterId{value='68185a54625b3a5da1447613', description='null'}-ac-poiaf5i-shard-00-00.fgoapaj.mongodb.net:27017] INFO  org.mongodb.driver.cluster - Monitor thread successfully connected to server with description ServerDescription{address=ac-poiaf5i-shard-00-00.fgoapaj.mongodb.net:27017, type=REPLICA_SET_SECONDARY, state=CONNECTED, ok=true, minWireVersion=0, maxWireVersion=25, maxDocumentSize=16777216, logicalSessionTimeoutMinutes=30, roundTripTimeNanos=262691900, setName='atlas-m007pv-shard-0', canonicalAddress=ac-poiaf5i-shard-00-00.fgoapaj.mongodb.net:27017, hosts=[ac-poiaf5i-shard-00-01.fgoapaj.mongodb.net:27017, ac-poiaf5i-shard-00-02.fgoapaj.mongodb.net:27017, ac-poiaf5i-shard-00-00.fgoapaj.mongodb.net:27017], passives=[], arbiters=[], primary='ac-poiaf5i-shard-00-02.fgoapaj.mongodb.net:27017', tagSet=TagSet{[Tag{name='availabilityZone', value='aps1-az1'}, Tag{name='diskState', value='READY'}, Tag{name='nodeType', value='ELECTABLE'}, Tag{name='provider', value='AWS'}, Tag{name='region', value='AP_SOUTH_1'}, Tag{name='workloadType', value='OPERATIONAL'}]}, electionId=null, setVersion=271, topologyVersion=TopologyVersion{processId=68163e92c06bd3fefa60e122, counter=4}, lastWriteDate=Mon May 05 12:33:13 IST 2025, lastUpdateTimeNanos=1342951229334700} 
25-05-05 12:33:13.980 [cluster-ClusterId{value='68185a54625b3a5da1447613', description='null'}-ac-poiaf5i-shard-00-02.fgoapaj.mongodb.net:27017] INFO  org.mongodb.driver.connection - Opened connection [connectionId{localValue:17, serverValue:35370}] to ac-poiaf5i-shard-00-02.fgoapaj.mongodb.net:27017 
25-05-05 12:33:13.981 [cluster-ClusterId{value='68185a54625b3a5da1447613', description='null'}-ac-poiaf5i-shard-00-02.fgoapaj.mongodb.net:27017] INFO  org.mongodb.driver.cluster - Monitor thread successfully connected to server with description ServerDescription{address=ac-poiaf5i-shard-00-02.fgoapaj.mongodb.net:27017, type=REPLICA_SET_PRIMARY, state=CONNECTED, ok=true, minWireVersion=0, maxWireVersion=25, maxDocumentSize=16777216, logicalSessionTimeoutMinutes=30, roundTripTimeNanos=310953000, setName='atlas-m007pv-shard-0', canonicalAddress=ac-poiaf5i-shard-00-02.fgoapaj.mongodb.net:27017, hosts=[ac-poiaf5i-shard-00-01.fgoapaj.mongodb.net:27017, ac-poiaf5i-shard-00-02.fgoapaj.mongodb.net:27017, ac-poiaf5i-shard-00-00.fgoapaj.mongodb.net:27017], passives=[], arbiters=[], primary='ac-poiaf5i-shard-00-02.fgoapaj.mongodb.net:27017', tagSet=TagSet{[Tag{name='availabilityZone', value='aps1-az2'}, Tag{name='diskState', value='READY'}, Tag{name='nodeType', value='ELECTABLE'}, Tag{name='provider', value='AWS'}, Tag{name='region', value='AP_SOUTH_1'}, Tag{name='workloadType', value='OPERATIONAL'}]}, electionId=7fffffff00000000000000d5, setVersion=271, topologyVersion=TopologyVersion{processId=68163d82c4ac27d8d16c3734, counter=6}, lastWriteDate=Mon May 05 12:33:13 IST 2025, lastUpdateTimeNanos=1342951277593900} 
25-05-05 12:33:13.981 [cluster-ClusterId{value='68185a54625b3a5da1447613', description='null'}-ac-poiaf5i-shard-00-02.fgoapaj.mongodb.net:27017] INFO  org.mongodb.driver.cluster - Discovered replica set primary ac-poiaf5i-shard-00-02.fgoapaj.mongodb.net:27017 
25-05-05 12:33:14.043 [cluster-ClusterId{value='68185a54625b3a5da1447613', description='null'}-ac-poiaf5i-shard-00-01.fgoapaj.mongodb.net:27017] INFO  org.mongodb.driver.connection - Opened connection [connectionId{localValue:18, serverValue:33325}] to ac-poiaf5i-shard-00-01.fgoapaj.mongodb.net:27017 
25-05-05 12:33:14.044 [cluster-ClusterId{value='68185a54625b3a5da1447613', description='null'}-ac-poiaf5i-shard-00-01.fgoapaj.mongodb.net:27017] INFO  org.mongodb.driver.cluster - Monitor thread successfully connected to server with description ServerDescription{address=ac-poiaf5i-shard-00-01.fgoapaj.mongodb.net:27017, type=REPLICA_SET_SECONDARY, state=CONNECTED, ok=true, minWireVersion=0, maxWireVersion=25, maxDocumentSize=16777216, logicalSessionTimeoutMinutes=30, roundTripTimeNanos=332856100, setName='atlas-m007pv-shard-0', canonicalAddress=ac-poiaf5i-shard-00-01.fgoapaj.mongodb.net:27017, hosts=[ac-poiaf5i-shard-00-01.fgoapaj.mongodb.net:27017, ac-poiaf5i-shard-00-02.fgoapaj.mongodb.net:27017, ac-poiaf5i-shard-00-00.fgoapaj.mongodb.net:27017], passives=[], arbiters=[], primary='ac-poiaf5i-shard-00-02.fgoapaj.mongodb.net:27017', tagSet=TagSet{[Tag{name='availabilityZone', value='aps1-az3'}, Tag{name='diskState', value='READY'}, Tag{name='nodeType', value='ELECTABLE'}, Tag{name='provider', value='AWS'}, Tag{name='region', value='AP_SOUTH_1'}, Tag{name='workloadType', value='OPERATIONAL'}]}, electionId=null, setVersion=271, topologyVersion=TopologyVersion{processId=68163fe2149fc4b01a122d41, counter=3}, lastWriteDate=Mon May 05 12:33:13 IST 2025, lastUpdateTimeNanos=1342951340253000} 
25-05-05 12:33:26.530 [cluster-rtt-ClusterId{value='68185a54625b3a5da1447613', description='null'}-ac-poiaf5i-shard-00-02.fgoapaj.mongodb.net:27017] INFO  org.mongodb.driver.connection - Opened connection [connectionId{localValue:21, serverValue:35430}] to ac-poiaf5i-shard-00-02.fgoapaj.mongodb.net:27017 
25-05-05 12:33:26.531 [cluster-rtt-ClusterId{value='68185a54625b3a5da1447613', description='null'}-ac-poiaf5i-shard-00-00.fgoapaj.mongodb.net:27017] INFO  org.mongodb.driver.connection - Opened connection [connectionId{localValue:22, serverValue:33765}] to ac-poiaf5i-shard-00-00.fgoapaj.mongodb.net:27017 
25-05-05 12:33:26.548 [cluster-rtt-ClusterId{value='68185a54625b3a5da1447613', description='null'}-ac-poiaf5i-shard-00-01.fgoapaj.mongodb.net:27017] INFO  org.mongodb.driver.connection - Opened connection [connectionId{localValue:20, serverValue:33359}] to ac-poiaf5i-shard-00-01.fgoapaj.mongodb.net:27017 
